2020-Oct-21 15:32:10 Наличие необходимых модулей php (check_php_modules): Ok
Все необходимые модули установлены
2020-Oct-21 15:32:10 Обязательные параметры PHP (check_php_settings): Ok
Настройки правильные
2020-Oct-21 15:32:10 Модули веб-сервера (check_security): Ok
Конфликтов не выявлено
2020-Oct-21 15:32:10 Значения переменных сервера (check_server_vars): Ok
Корректные
2020-Oct-21 15:32:10 Сохранение сессии (check_session): Ok
50% done
2020-Oct-21 15:32:10 Сохранение сессии (check_session): Ok
Успешно
2020-Oct-21 15:32:10 Параметры настройки UTF (mbstring и константа BX_UTF) (check_mbstring): Ok
Правильные. Сайт работает в UTF кодировке
2020-Oct-21 15:32:10 Служебные скрипты в корне сайта (check_install_scripts): Ok
Отсутствуют
2020-Oct-21 15:32:11 Работа с сокетами (check_socket): Ok
Connection to ssl://www.otpusk.by:443	Success

Успешно
2020-Oct-21 15:32:11 Выполнение агентов на cron (check_bx_crontab): Ok
Успешно
2020-Oct-21 15:32:11 Параметры подключения к базе данных (check_dbconn_settings): Ok
Успешно
2020-Oct-21 15:32:11 Лишний вывод в файлах конфигурации (check_dbconn): Ok
Connection to ssl://www.otpusk.by:443	Success

Успешно
2020-Oct-21 15:32:11 Сохранение сессии без UserAgent (check_session_ua): Ok
50% done
Connection to ssl://www.otpusk.by:443	Success

2020-Oct-21 15:32:11 Сохранение сессии без UserAgent (check_session_ua): Ok
Connection to ssl://www.otpusk.by:443	Success

Успешно
2020-Oct-21 15:32:11 Настройки сайтов (check_sites): Ok
Правильные
2020-Oct-21 15:32:11 Передача объектов по ссылке (check_clone): Ok
Успешно
2020-Oct-21 15:32:11 Размер стека и pcre.recursion_limit (check_pcre_recursion): Ok
Connection to ssl://www.otpusk.by:443	Success

Успешно
2020-Oct-21 15:32:11 Загрузка файла (check_upload): Ok
Connection to ssl://www.otpusk.by:443	Success

Успешно
2020-Oct-21 15:32:12 Загрузка файла больше 4Мб (check_upload_big): Ok
Connection to ssl://www.otpusk.by:443	Success

Успешно
2020-Oct-21 15:32:12 Загрузка файла через php://input (check_upload_raw): Ok
Connection to ssl://www.otpusk.by:443	Success

Успешно
2020-Oct-21 15:32:12 Передача POST запроса с большим числом параметров (check_post): Ok
Connection to ssl://www.otpusk.by:443	Success

Успешно
2020-Oct-21 15:32:13 Отправка почты (check_mail): Ok
Успешно
2020-Oct-21 15:32:15 Отправка почтового сообщения больше 64Кб (check_mail_big): Warning
Замечание. Отправлено. Время отправки: 2.26 сек.
2020-Oct-21 15:32:16 Проверка на наличие неотправленных сообщений (check_mail_b_event): Ok
Успешно
2020-Oct-21 15:32:16 Внутреннее перенаправление (функция LocalRedirect) (check_localredirect): Ok
50% done
Connection to ssl://www.otpusk.by:443	Success

2020-Oct-21 15:32:16 Внутреннее перенаправление (функция LocalRedirect) (check_localredirect): Ok
Connection to ssl://www.otpusk.by:443	Success

Успешно
2020-Oct-21 15:32:16 Фактическое ограничение памяти (check_memory_limit): Ok
20% done
Connection to ssl://www.otpusk.by:443	Success

2020-Oct-21 15:32:16 Фактическое ограничение памяти (check_memory_limit): Ok
40% done
Connection to ssl://www.otpusk.by:443	Success

2020-Oct-21 15:32:16 Фактическое ограничение памяти (check_memory_limit): Ok
60% done
Connection to ssl://www.otpusk.by:443	Success

2020-Oct-21 15:32:17 Фактическое ограничение памяти (check_memory_limit): Ok
80% done
Connection to ssl://www.otpusk.by:443	Success

2020-Oct-21 15:32:17 Фактическое ограничение памяти (check_memory_limit): Ok
Connection to ssl://www.otpusk.by:443	Success

Не менее 256 М
2020-Oct-21 15:32:17 Работа с файлами кеша (check_cache): Ok
Успешно
2020-Oct-21 15:32:23 Доступ к серверу обновлений (check_update): Ok
Успешно
2020-Oct-21 15:32:23 HTTP авторизация (check_http_auth): Ok
Connection to ssl://www.otpusk.by:443	Success

Успешно
2020-Oct-21 15:32:23 Создание и запуск файла (check_exec): Ok
Connection to ssl://www.otpusk.by:443	Success

Успешно
2020-Oct-21 15:32:23 Функция getimagesize для swf (check_getimagesize): Ok
Успешно
2020-Oct-21 15:32:23 Версия MySQL-сервера (check_mysql_bug_version): Ok
Успешно
2020-Oct-21 15:32:24 Время на БД и веб-сервере (check_mysql_time): Ok
Успешно
2020-Oct-21 15:32:24 Режим работы MySQL (check_mysql_mode): Ok
Успешно
2020-Oct-21 15:32:24 Кодировка соединения (check_mysql_connection_charset): Ok
character_set_connection=utf8, collation_connection=utf8_unicode_ci, character_set_results=utf8
Успешно
2020-Oct-21 15:32:24 Кодировка базы данных (check_mysql_db_charset): Ok
CHARSET=utf8, COLLATION=utf8_unicode_ci
Успешно
2020-Oct-21 15:32:24 Кодировки таблиц в БД (check_mysql_table_charset): Ok
Успешно
2020-Oct-21 15:32:24 Структура базы данных (check_mysql_table_structure): Ok
0% done
2020-Oct-21 15:32:25 Структура базы данных (check_mysql_table_structure): Ok
2% done
2020-Oct-21 15:32:25 Структура базы данных (check_mysql_table_structure): Ok
4% done
2020-Oct-21 15:32:26 Структура базы данных (check_mysql_table_structure): Ok
6% done
2020-Oct-21 15:32:29 Структура базы данных (check_mysql_table_structure): Ok
9% done
2020-Oct-21 15:32:30 Структура базы данных (check_mysql_table_structure): Ok
11% done
2020-Oct-21 15:32:30 Структура базы данных (check_mysql_table_structure): Ok
13% done
2020-Oct-21 15:32:30 Структура базы данных (check_mysql_table_structure): Ok
16% done
2020-Oct-21 15:32:31 Структура базы данных (check_mysql_table_structure): Ok
18% done
2020-Oct-21 15:32:32 Структура базы данных (check_mysql_table_structure): Ok
20% done
2020-Oct-21 15:32:35 Структура базы данных (check_mysql_table_structure): Ok
23% done
2020-Oct-21 15:32:35 Структура базы данных (check_mysql_table_structure): Ok
25% done
2020-Oct-21 15:32:35 Структура базы данных (check_mysql_table_structure): Ok
27% done
2020-Oct-21 15:32:35 Структура базы данных (check_mysql_table_structure): Ok
30% done
2020-Oct-21 15:32:36 Структура базы данных (check_mysql_table_structure): Ok
32% done
2020-Oct-21 15:32:36 Структура базы данных (check_mysql_table_structure): Ok
34% done
2020-Oct-21 15:32:36 Структура базы данных (check_mysql_table_structure): Ok
37% done
2020-Oct-21 15:32:36 Структура базы данных (check_mysql_table_structure): Ok
39% done
2020-Oct-21 15:32:37 Структура базы данных (check_mysql_table_structure): Ok
41% done
2020-Oct-21 15:32:38 Структура базы данных (check_mysql_table_structure): Ok
44% done
2020-Oct-21 15:32:39 Структура базы данных (check_mysql_table_structure): Ok
46% done
2020-Oct-21 15:32:39 Структура базы данных (check_mysql_table_structure): Ok
48% done
2020-Oct-21 15:32:39 Структура базы данных (check_mysql_table_structure): Ok
51% done
2020-Oct-21 15:32:40 Структура базы данных (check_mysql_table_structure): Ok
53% done
2020-Oct-21 15:32:40 Структура базы данных (check_mysql_table_structure): Ok
55% done
2020-Oct-21 15:32:41 Структура базы данных (check_mysql_table_structure): Ok
58% done
2020-Oct-21 15:32:41 Структура базы данных (check_mysql_table_structure): Ok
60% done
2020-Oct-21 15:32:41 Структура базы данных (check_mysql_table_structure): Ok
62% done
2020-Oct-21 15:32:41 Структура базы данных (check_mysql_table_structure): Ok
65% done
2020-Oct-21 15:32:42 Структура базы данных (check_mysql_table_structure): Ok
67% done
2020-Oct-21 15:32:42 Структура базы данных (check_mysql_table_structure): Ok
69% done
2020-Oct-21 15:32:43 Структура базы данных (check_mysql_table_structure): Ok
72% done
2020-Oct-21 15:32:43 Структура базы данных (check_mysql_table_structure): Ok
74% done
2020-Oct-21 15:32:43 Структура базы данных (check_mysql_table_structure): Ok
76% done
2020-Oct-21 15:32:43 Структура базы данных (check_mysql_table_structure): Ok
79% done
2020-Oct-21 15:32:43 Структура базы данных (check_mysql_table_structure): Ok
81% done
2020-Oct-21 15:32:44 Структура базы данных (check_mysql_table_structure): Ok
83% done
2020-Oct-21 15:32:46 Структура базы данных (check_mysql_table_structure): Ok
86% done
2020-Oct-21 15:32:46 Структура базы данных (check_mysql_table_structure): Ok
88% done
2020-Oct-21 15:32:47 Структура базы данных (check_mysql_table_structure): Ok
90% done
2020-Oct-21 15:32:47 Структура базы данных (check_mysql_table_structure): Ok
93% done
2020-Oct-21 15:32:47 Структура базы данных (check_mysql_table_structure): Ok
95% done
2020-Oct-21 15:32:47 Структура базы данных (check_mysql_table_structure): Ok
97% done
2020-Oct-21 15:32:48 Структура базы данных (check_mysql_table_structure): Ok
Успешно
